app/build/intermediates/manifest_merge_blame_file/debug/manifest-merger-blame-debug-report.txt
1<?xml version="1.0" encoding="utf-8"?>
2<manifest xmlns:android="http://schemas.android.com/apk/res/android"
3    package="com.example.arturitopsicologo"
4    android:versionCode="1"
5    android:versionName="1.0" >
6
7    <uses-sdk
8        android:minSdkVersion="21"
8-->src\main\AndroidManifest.xml
9        android:targetSdkVersion="32" />
9-->src\main\AndroidManifest.xml
10
11    <!-- Although the *SdkVersion is captured in gradle build files, this is required for non gradle builds -->
12    <!-- <uses-sdk android:minSdkVersion="14"/> -->
13    <uses-permission android:name="android.permission.ACCESS_NETWORK_STATE" />
13-->[com.google.firebase:firebase-database:19.2.1] AndroidManifest.xml:25:5-79
13-->[com.google.firebase:firebase-database:19.2.1] AndroidManifest.xml:25:22-76
14    <uses-permission android:name="android.permission.INTERNET" />
14-->[com.google.firebase:firebase-database:19.2.1] AndroidManifest.xml:26:5-67
14-->[com.google.firebase:firebase-database:19.2.1] AndroidManifest.xml:26:22-64
15
16    <application
16-->src\main\AndroidManifest.xml:5:5-96:19
17        android:allowBackup="true"
17-->src\main\AndroidManifest.xml:6:9-35
18        android:appComponentFactory="androidx.core.app.CoreComponentFactory"
18-->[androidx.core:core:1.7.0] AndroidManifest.xml:24:18-86
19        android:debuggable="true"
20        android:icon="@mipmap/ic_launcher"
20-->src\main\AndroidManifest.xml:7:9-43
21        android:label="@string/app_name"
21-->src\main\AndroidManifest.xml:8:9-41
22        android:roundIcon="@mipmap/ic_launcher_round"
22-->src\main\AndroidManifest.xml:9:9-54
23        android:supportsRtl="true"
23-->src\main\AndroidManifest.xml:10:9-35
24        android:testOnly="true"
25        android:theme="@style/Theme.ArturitoPsicologo" >
25-->src\main\AndroidManifest.xml:11:9-55
26        <activity
26-->src\main\AndroidManifest.xml:12:9-14:40
27            android:name="com.example.arturitopsicologo.View.LenguajeCrearActivity"
27-->src\main\AndroidManifest.xml:13:13-55
28            android:exported="false" />
28-->src\main\AndroidManifest.xml:14:13-37
29        <activity
29-->src\main\AndroidManifest.xml:15:9-17:40
30            android:name="com.example.arturitopsicologo.View.LenguajeActivity"
30-->src\main\AndroidManifest.xml:16:13-50
31            android:exported="false" />
31-->src\main\AndroidManifest.xml:17:13-37
32        <activity
32-->src\main\AndroidManifest.xml:18:9-20:40
33            android:name="com.example.arturitopsicologo.View.HistorialActivity"
33-->src\main\AndroidManifest.xml:19:13-51
34            android:exported="false" />
34-->src\main\AndroidManifest.xml:20:13-37
35        <activity
35-->src\main\AndroidManifest.xml:21:9-24:68
36            android:name="com.example.arturitopsicologo.View.CategoriaPacienteActivity"
36-->src\main\AndroidManifest.xml:22:13-59
37            android:exported="false"
37-->src\main\AndroidManifest.xml:23:13-37
38            android:parentActivityName="com.example.arturitopsicologo.View.ResultadoActivity" />
38-->src\main\AndroidManifest.xml:24:13-65
39        <activity
39-->src\main\AndroidManifest.xml:25:9-28:72
40            android:name="com.example.arturitopsicologo.View.ResultadoActivity"
40-->src\main\AndroidManifest.xml:26:13-51
41            android:exported="false"
41-->src\main\AndroidManifest.xml:27:13-37
42            android:theme="@style/Theme.AppCompat.Light.NoActionBar" />
42-->src\main\AndroidManifest.xml:28:13-69
43        <activity
43-->src\main\AndroidManifest.xml:29:9-32:72
44            android:name="com.example.arturitopsicologo.View.MemoriaActivity"
44-->src\main\AndroidManifest.xml:30:13-49
45            android:exported="false"
45-->src\main\AndroidManifest.xml:31:13-37
46            android:theme="@style/Theme.AppCompat.Light.NoActionBar" />
46-->src\main\AndroidManifest.xml:32:13-69
47        <activity
47-->src\main\AndroidManifest.xml:33:9-36:72
48            android:name="com.example.arturitopsicologo.View.AtencionActivity"
48-->src\main\AndroidManifest.xml:34:13-50
49            android:exported="false"
49-->src\main\AndroidManifest.xml:35:13-37
50            android:theme="@style/Theme.AppCompat.Light.NoActionBar" />
50-->src\main\AndroidManifest.xml:36:13-69
51        <activity
51-->src\main\AndroidManifest.xml:37:9-40:72
52            android:name="com.example.arturitopsicologo.View.PacienteActivity"
52-->src\main\AndroidManifest.xml:38:13-50
53            android:exported="false"
53-->src\main\AndroidManifest.xml:39:13-37
54            android:theme="@style/Theme.AppCompat.Light.NoActionBar" />
54-->src\main\AndroidManifest.xml:40:13-69
55        <activity
55-->src\main\AndroidManifest.xml:41:9-44:72
56            android:name="com.example.arturitopsicologo.View.HorasActivity"
56-->src\main\AndroidManifest.xml:42:13-47
57            android:exported="false"
57-->src\main\AndroidManifest.xml:43:13-37
58            android:theme="@style/Theme.AppCompat.Light.NoActionBar" />
58-->src\main\AndroidManifest.xml:44:13-69
59        <activity
59-->src\main\AndroidManifest.xml:45:9-53:20
60            android:name="com.example.arturitopsicologo.SplashActivity"
60-->src\main\AndroidManifest.xml:46:13-43
61            android:exported="true" >
61-->src\main\AndroidManifest.xml:47:13-36
62            <intent-filter>
62-->src\main\AndroidManifest.xml:48:13-52:29
63                <action android:name="android.intent.action.MAIN" />
63-->src\main\AndroidManifest.xml:49:17-69
63-->src\main\AndroidManifest.xml:49:25-66
64
65                <category android:name="android.intent.category.LAUNCHER" />
65-->src\main\AndroidManifest.xml:51:17-77
65-->src\main\AndroidManifest.xml:51:27-74
66            </intent-filter>
67        </activity>
68        <activity
68-->src\main\AndroidManifest.xml:54:9-57:72
69            android:name="com.example.arturitopsicologo.View.HorarioActivity"
69-->src\main\AndroidManifest.xml:55:13-49
70            android:exported="false"
70-->src\main\AndroidManifest.xml:56:13-37
71            android:theme="@style/Theme.AppCompat.Light.NoActionBar" />
71-->src\main\AndroidManifest.xml:57:13-69
72        <activity
72-->src\main\AndroidManifest.xml:58:9-60:40
73            android:name="com.example.arturitopsicologo.View.PerfilActivity"
73-->src\main\AndroidManifest.xml:59:13-48
74            android:exported="false" />
74-->src\main\AndroidManifest.xml:60:13-37
75        <activity
75-->src\main\AndroidManifest.xml:61:9-63:40
76            android:name="com.example.arturitopsicologo.RegisterActivity"
76-->src\main\AndroidManifest.xml:62:13-45
77            android:exported="false" />
77-->src\main\AndroidManifest.xml:63:13-37
78        <activity
78-->src\main\AndroidManifest.xml:64:9-66:39
79            android:name="com.example.arturitopsicologo.LoginActivity"
79-->src\main\AndroidManifest.xml:65:13-42
80            android:exported="true" />
80-->src\main\AndroidManifest.xml:66:13-36
81        <activity
81-->src\main\AndroidManifest.xml:67:9-69:40
82            android:name="com.example.arturitopsicologo.View.FiguraActivity"
82-->src\main\AndroidManifest.xml:68:13-48
83            android:exported="false" />
83-->src\main\AndroidManifest.xml:69:13-37
84        <activity
84-->src\main\AndroidManifest.xml:70:9-73:72
85            android:name="com.example.arturitopsicologo.View.LecturaActivity"
85-->src\main\AndroidManifest.xml:71:13-49
86            android:exported="false"
86-->src\main\AndroidManifest.xml:72:13-37
87            android:theme="@style/Theme.AppCompat.Light.NoActionBar" />
87-->src\main\AndroidManifest.xml:73:13-69
88        <activity
88-->src\main\AndroidManifest.xml:74:9-77:72
89            android:name="com.example.arturitopsicologo.View.LecturasActivity"
89-->src\main\AndroidManifest.xml:75:13-50
90            android:exported="false"
90-->src\main\AndroidManifest.xml:76:13-37
91            android:theme="@style/Theme.AppCompat.Light.NoActionBar" />
91-->src\main\AndroidManifest.xml:77:13-69
92        <activity
92-->src\main\AndroidManifest.xml:78:9-80:40
93            android:name="com.example.arturitopsicologo.View.CategoriaActivity"
93-->src\main\AndroidManifest.xml:79:13-51
94            android:exported="false" />
94-->src\main\AndroidManifest.xml:80:13-37
95        <activity
95-->src\main\AndroidManifest.xml:81:9-83:40
96            android:name="com.example.arturitopsicologo.View.HerramientasActivity"
96-->src\main\AndroidManifest.xml:82:13-54
97            android:exported="false" />
97-->src\main\AndroidManifest.xml:83:13-37
98        <activity
98-->src\main\AndroidManifest.xml:84:9-86:40
99            android:name="com.example.arturitopsicologo.View.CitasActivity"
99-->src\main\AndroidManifest.xml:85:13-47
100            android:exported="false" />
100-->src\main\AndroidManifest.xml:86:13-37
101        <activity
101-->src\main\AndroidManifest.xml:87:9-89:39
102            android:name="com.example.arturitopsicologo.MenuActivity"
102-->src\main\AndroidManifest.xml:88:13-41
103            android:exported="true" />
103-->src\main\AndroidManifest.xml:89:13-36
104        <activity
104-->src\main\AndroidManifest.xml:90:9-92:40
105            android:name="com.example.arturitopsicologo.InicioActivity"
105-->src\main\AndroidManifest.xml:91:13-43
106            android:exported="false" />
106-->src\main\AndroidManifest.xml:92:13-37
107        <activity
107-->src\main\AndroidManifest.xml:93:9-95:39
108            android:name="com.example.arturitopsicologo.MainActivity"
108-->src\main\AndroidManifest.xml:94:13-41
109            android:exported="true" />
109-->src\main\AndroidManifest.xml:95:13-36
110        <activity
110-->[com.google.firebase:firebase-auth:19.2.0] AndroidManifest.xml:24:9-31:50
111            android:name="com.google.firebase.auth.internal.FederatedSignInActivity"
111-->[com.google.firebase:firebase-auth:19.2.0] AndroidManifest.xml:25:13-85
112            android:excludeFromRecents="true"
112-->[com.google.firebase:firebase-auth:19.2.0] AndroidManifest.xml:26:13-46
113            android:exported="true"
113-->[com.google.firebase:firebase-auth:19.2.0] AndroidManifest.xml:27:13-36
114            android:launchMode="singleTask"
114-->[com.google.firebase:firebase-auth:19.2.0] AndroidManifest.xml:28:13-44
115            android:permission="com.google.firebase.auth.api.gms.permission.LAUNCH_FEDERATED_SIGN_IN"
115-->[com.google.firebase:firebase-auth:19.2.0] AndroidManifest.xml:29:13-102
116            android:theme="@android:style/Theme.Translucent.NoTitleBar" />
116-->[com.google.firebase:firebase-auth:19.2.0] AndroidManifest.xml:30:13-72
117
118        <service
118-->[com.google.firebase:firebase-auth:19.2.0] AndroidManifest.xml:33:9-39:19
119            android:name="com.google.firebase.components.ComponentDiscoveryService"
119-->[com.google.firebase:firebase-auth:19.2.0] AndroidManifest.xml:34:13-84
120            android:directBootAware="true"
120-->[com.google.firebase:firebase-common:19.3.0] AndroidManifest.xml:34:13-43
121            android:exported="false" >
121-->[com.google.firebase:firebase-auth:19.2.0] AndroidManifest.xml:35:13-37
122            <meta-data
122-->[com.google.firebase:firebase-auth:19.2.0] AndroidManifest.xml:36:13-38:85
123                android:name="com.google.firebase.components:com.google.firebase.auth.FirebaseAuthRegistrar"
123-->[com.google.firebase:firebase-auth:19.2.0] AndroidManifest.xml:37:17-109
124                android:value="com.google.firebase.components.ComponentRegistrar" />
124-->[com.google.firebase:firebase-auth:19.2.0] AndroidManifest.xml:38:17-82
125            <meta-data
125-->[com.google.firebase:firebase-database:19.2.1] AndroidManifest.xml:32:13-34:85
126                android:name="com.google.firebase.components:com.google.firebase.database.DatabaseRegistrar"
126-->[com.google.firebase:firebase-database:19.2.1] AndroidManifest.xml:33:17-109
127                android:value="com.google.firebase.components.ComponentRegistrar" />
127-->[com.google.firebase:firebase-database:19.2.1] AndroidManifest.xml:34:17-82
128            <meta-data
128-->[com.google.firebase:firebase-storage:17.0.0] AndroidManifest.xml:31:13-33:85
129                android:name="com.google.firebase.components:com.google.firebase.storage.StorageRegistrar"
129-->[com.google.firebase:firebase-storage:17.0.0] AndroidManifest.xml:32:17-107
130                android:value="com.google.firebase.components.ComponentRegistrar" />
130-->[com.google.firebase:firebase-storage:17.0.0] AndroidManifest.xml:33:17-82
131        </service>
132
133        <provider
133-->[com.squareup.picasso:picasso:2.71828] AndroidManifest.xml:8:9-11:40
134            android:name="com.squareup.picasso.PicassoProvider"
134-->[com.squareup.picasso:picasso:2.71828] AndroidManifest.xml:9:13-64
135            android:authorities="com.example.arturitopsicologo.com.squareup.picasso"
135-->[com.squareup.picasso:picasso:2.71828] AndroidManifest.xml:10:13-72
136            android:exported="false" />
136-->[com.squareup.picasso:picasso:2.71828] AndroidManifest.xml:11:13-37
137
138        <activity
138-->[com.google.android.gms:play-services-base:17.1.0] AndroidManifest.xml:23:9-26:75
139            android:name="com.google.android.gms.common.api.GoogleApiActivity"
139-->[com.google.android.gms:play-services-base:17.1.0] AndroidManifest.xml:24:13-79
140            android:exported="false"
140-->[com.google.android.gms:play-services-base:17.1.0] AndroidManifest.xml:25:13-37
141            android:theme="@android:style/Theme.Translucent.NoTitleBar" />
141-->[com.google.android.gms:play-services-base:17.1.0] AndroidManifest.xml:26:13-72
142
143        <provider
143-->[com.google.firebase:firebase-common:19.3.0] AndroidManifest.xml:26:9-30:39
144            android:name="com.google.firebase.provider.FirebaseInitProvider"
144-->[com.google.firebase:firebase-common:19.3.0] AndroidManifest.xml:27:13-77
145            android:authorities="com.example.arturitopsicologo.firebaseinitprovider"
145-->[com.google.firebase:firebase-common:19.3.0] AndroidManifest.xml:28:13-72
146            android:exported="false"
146-->[com.google.firebase:firebase-common:19.3.0] AndroidManifest.xml:29:13-37
147            android:initOrder="100" />
147-->[com.google.firebase:firebase-common:19.3.0] AndroidManifest.xml:30:13-36
148
149        <meta-data
149-->[com.google.android.gms:play-services-basement:17.0.0] AndroidManifest.xml:23:9-25:69
150            android:name="com.google.android.gms.version"
150-->[com.google.android.gms:play-services-basement:17.0.0] AndroidManifest.xml:24:13-58
151            android:value="@integer/google_play_services_version" />
151-->[com.google.android.gms:play-services-basement:17.0.0] AndroidManifest.xml:25:13-66
152
153        <provider
153-->[androidx.emoji2:emoji2:1.0.0] AndroidManifest.xml:26:9-34:20
154            android:name="androidx.startup.InitializationProvider"
154-->[androidx.emoji2:emoji2:1.0.0] AndroidManifest.xml:27:13-67
155            android:authorities="com.example.arturitopsicologo.androidx-startup"
155-->[androidx.emoji2:emoji2:1.0.0] AndroidManifest.xml:28:13-68
156            android:exported="false" >
156-->[androidx.emoji2:emoji2:1.0.0] AndroidManifest.xml:29:13-37
157            <meta-data
157-->[androidx.emoji2:emoji2:1.0.0] AndroidManifest.xml:31:13-33:52
158                android:name="androidx.emoji2.text.EmojiCompatInitializer"
158-->[androidx.emoji2:emoji2:1.0.0] AndroidManifest.xml:32:17-75
159                android:value="androidx.startup" />
159-->[androidx.emoji2:emoji2:1.0.0] AndroidManifest.xml:33:17-49
160            <meta-data
160-->[androidx.lifecycle:lifecycle-process:2.4.0] AndroidManifest.xml:31:13-33:52
161                android:name="androidx.lifecycle.ProcessLifecycleInitializer"
161-->[androidx.lifecycle:lifecycle-process:2.4.0] AndroidManifest.xml:32:17-78
162                android:value="androidx.startup" />
162-->[androidx.lifecycle:lifecycle-process:2.4.0] AndroidManifest.xml:33:17-49
163        </provider>
164    </application>
165
166</manifest>